Build started 10/7/2015 7:45:32 PM.
     1>Project "C:\Users\Shane\Desktop\LevelEditor\Assignment2-master\Assignment2\Assignment2.vcxproj" on node 2 (Build target(s)).
     1>C:\Program Files (x86)\MSBuild\Microsoft.Cpp\v4.0\V120\Microsoft.CppBuild.targets(388,5): warning MSB8028: The intermediate directory (Debug\) contains files shared from another project (Assignment2.vcxproj).  This can lead to incorrect clean and rebuild behavior.
     1>ClCompile:
         D:\Programs\Microsoft Visual Studio 12.0\VC\bin\CL.exe /c /I"C:\Users\Shane\Desktop\LevelEditor\Assignment2-master\Assignment2\dep\stb-master" /I"C:\Users\Shane\Desktop\LevelEditor\Assignment2-master\Assignment2\dep\glm" /I"C:\Users\Shane\Desktop\LevelEditor\Assignment2-master\Assignment2\dep\glfw\include" /I"C:\Users\Shane\Desktop\LevelEditor\Assignment2-master\Assignment2\dep\RakNet" /I"C:\Users\Shane\Desktop\LevelEditor\Assignment2-master\Assignment2\src" /I"C:\Users\Shane\Desktop\LevelEditor\Assignment2-master\Assignment2\dep" /I"C:\Users\Shane\Desktop\LevelEditor\Assignment2-master\Assignment2\inc" /ZI /nologo /W3 /WX- /Od /Oy- /D WIN32 /D _DEBUG /D _CONSOLE /D _LIB /D GLM_SWIZZLE /D GLM_FORCE_PURE /D _UNICODE /D UNICODE /Gm /EHsc /RTC1 /MDd /GS /fp:precise /Zc:wchar_t /Zc:forScope /Fo"Debug\\" /Fd"Debug\vc120.pdb" /Gd /TP /analyze- /errorReport:prompt src\Game.cpp src\MainState.cpp
         MainState.cpp
     1>c:\users\shane\desktop\leveleditor\assignment2-master\assignment2\src\mainstate.cpp(40): warning C4244: '=' : conversion from 'int' to 'float', possible loss of data
     1>c:\users\shane\desktop\leveleditor\assignment2-master\assignment2\src\mainstate.cpp(41): warning C4244: '=' : conversion from 'int' to 'float', possible loss of data
     1>c:\users\shane\desktop\leveleditor\assignment2-master\assignment2\src\mainstate.cpp(56): warning C4244: '=' : conversion from 'int' to 'float', possible loss of data
     1>c:\users\shane\desktop\leveleditor\assignment2-master\assignment2\src\mainstate.cpp(58): warning C4244: '=' : conversion from 'int' to 'float', possible loss of data
         Generating Code...
         Skipping... (no relevant changes detected)
         Game.cpp
       Link:
         D:\Programs\Microsoft Visual Studio 12.0\VC\bin\link.exe /ERRORREPORT:PROMPT /OUT:"C:\Users\Shane\Desktop\LevelEditor\Assignment2-master\Assignment2\bin\Debug\LevelEditor.exe" /INCREMENTAL /NOLOGO /LIBPATH:"C:\Users\Shane\Desktop\LevelEditor\Assignment2-master\Assignment2\lib" opengl32.lib glfw3.lib XINPUT9_1_0.LIB ws2_32.lib RakNet_d.lib kernel32.lib user32.lib gdi32.lib winspool.lib comdlg32.lib advapi32.lib shell32.lib ole32.lib oleaut32.lib uuid.lib odbc32.lib odbccp32.lib /MANIFEST /MANIFESTUAC:"level='asInvoker' uiAccess='false'" /manifest:embed /DEBUG /PDB:"C:\Users\Shane\Desktop\LevelEditor\Assignment2-master\Assignment2\bin\Debug\LevelEditor.pdb" /SUBSYSTEM:CONSOLE /TLBID:1 /DYNAMICBASE /NXCOMPAT /IMPLIB:"C:\Users\Shane\Desktop\LevelEditor\Assignment2-master\Assignment2\bin\Debug\LevelEditor.lib" /MACHINE:X86 Debug\Camera.obj
         Debug\FlyCamera.obj
         Debug\Game.obj
         Debug\GameStateManager.obj
         Debug\Gizmos.obj
         Debug\gl_core_4_4.obj
         Debug\imgui.obj
         Debug\imgui_impl_glfw_gl3.obj
         Debug\main.obj
         Debug\MainState.obj
         Debug\NetworkManager.obj
         Debug\ObjectOBJ.obj
         Debug\ShaderLoader.obj
         Debug\Skybox.obj
         Assignment2.vcxproj -> C:\Users\Shane\Desktop\LevelEditor\Assignment2-master\Assignment2\bin\Debug\LevelEditor.exe
     1>Done Building Project "C:\Users\Shane\Desktop\LevelEditor\Assignment2-master\Assignment2\Assignment2.vcxproj" (Build target(s)).

Build succeeded.

Time Elapsed 00:00:05.44
