c:\users\shane\desktop\leveleditor\assignment2-master\assignment2\debug\vc120.pdb
c:\users\shane\desktop\leveleditor\assignment2-master\assignment2\debug\vc120.idb
c:\users\shane\desktop\leveleditor\assignment2-master\assignment2\debug\camera.obj
c:\users\shane\desktop\leveleditor\assignment2-master\assignment2\debug\flycamera.obj
c:\users\shane\desktop\leveleditor\assignment2-master\assignment2\debug\game.obj
c:\users\shane\desktop\leveleditor\assignment2-master\assignment2\debug\gamestatemanager.obj
c:\users\shane\desktop\leveleditor\assignment2-master\assignment2\debug\gizmos.obj
c:\users\shane\desktop\leveleditor\assignment2-master\assignment2\debug\imgui.obj
c:\users\shane\desktop\leveleditor\assignment2-master\assignment2\debug\imgui_impl_glfw_gl3.obj
c:\users\shane\desktop\leveleditor\assignment2-master\assignment2\debug\main.obj
c:\users\shane\desktop\leveleditor\assignment2-master\assignment2\debug\mainstate.obj
c:\users\shane\desktop\leveleditor\assignment2-master\assignment2\debug\networkmanager.obj
c:\users\shane\desktop\leveleditor\assignment2-master\assignment2\debug\objectobj.obj
c:\users\shane\desktop\leveleditor\assignment2-master\assignment2\debug\shaderloader.obj
c:\users\shane\desktop\leveleditor\assignment2-master\assignment2\debug\skybox.obj
c:\users\shane\desktop\leveleditor\assignment2-master\assignment2\debug\gl_core_4_4.obj
c:\users\shane\desktop\leveleditor\assignment2-master\assignment2\bin\debug\leveleditor.ilk
c:\users\shane\desktop\leveleditor\assignment2-master\assignment2\bin\debug\leveleditor.exe
c:\users\shane\desktop\leveleditor\assignment2-master\assignment2\bin\debug\leveleditor.pdb
c:\users\shane\desktop\leveleditor\assignment2-master\assignment2\debug\leveleditor.tlog\cl.command.1.tlog
c:\users\shane\desktop\leveleditor\assignment2-master\assignment2\debug\leveleditor.tlog\cl.read.1.tlog
c:\users\shane\desktop\leveleditor\assignment2-master\assignment2\debug\leveleditor.tlog\cl.write.1.tlog
c:\users\shane\desktop\leveleditor\assignment2-master\assignment2\debug\leveleditor.tlog\link.command.1.tlog
c:\users\shane\desktop\leveleditor\assignment2-master\assignment2\debug\leveleditor.tlog\link.read.1.tlog
c:\users\shane\desktop\leveleditor\assignment2-master\assignment2\debug\leveleditor.tlog\link.write.1.tlog
